[0.010s] Invoking command in '/home/ubb/uros_ws/build/micro_ros_msgs': CMAKE_PREFIX_PATH=${CMAKE_PREFIX_PATH}:/opt/ros/iron /usr/bin/cmake /home/ubb/uros_ws/src/uros/micro_ros_msgs -DUAGENT_BUILD_EXECUTABLE=OFF -DUAGENT_P2P_PROFILE=OFF --no-warn-unused-cli -DCMAKE_INSTALL_PREFIX=/home/ubb/uros_ws/install/micro_ros_msgs
[0.037s] Not searching for unused variables given on the command line.
[0.123s] -- The C compiler identification is GNU 11.4.0
[0.211s] -- The CXX compiler identification is GNU 11.4.0
[0.232s] -- Detecting C compiler ABI info
[0.337s] -- Detecting C compiler ABI info - done
[0.355s] -- Check for working C compiler: /usr/bin/cc - skipped
[0.356s] -- Detecting C compile features
[0.357s] -- Detecting C compile features - done
[0.363s] -- Detecting CXX compiler ABI info
[0.487s] -- Detecting CXX compiler ABI info - done
[0.509s] -- Check for working CXX compiler: /usr/bin/c++ - skipped
[0.510s] -- Detecting CXX compile features
[0.511s] -- Detecting CXX compile features - done
[0.519s] -- Found ament_cmake: 2.0.5 (/opt/ros/iron/share/ament_cmake/cmake)
[0.796s] -- Found Python3: /usr/bin/python3.10 (found version "3.10.12") found components: Interpreter 
[0.945s] -- Found rosidl_default_generators: 1.5.0 (/opt/ros/iron/share/rosidl_default_generators/cmake)
[0.958s] -- Using all available rosidl_typesupport_c: rosidl_typesupport_fastrtps_c;rosidl_typesupport_introspection_c
[1.075s] -- Using all available rosidl_typesupport_cpp: rosidl_typesupport_fastrtps_cpp;rosidl_typesupport_introspection_cpp
[1.184s] -- Found rosidl_adapter: 4.0.1 (/opt/ros/iron/share/rosidl_adapter/cmake)
[1.205s] -- Found ament_lint_auto: 0.14.3 (/opt/ros/iron/share/ament_lint_auto/cmake)
[1.764s] -- Found ament_cmake_ros: 0.11.2 (/opt/ros/iron/share/ament_cmake_ros/cmake)
[2.090s] -- Using all available rosidl_typesupport_c: rosidl_typesupport_fastrtps_c;rosidl_typesupport_introspection_c
[2.504s] -- Using all available rosidl_typesupport_cpp: rosidl_typesupport_fastrtps_cpp;rosidl_typesupport_introspection_cpp
[2.546s] -- Found PythonInterp: /usr/bin/python3 (found suitable version "3.10.12", minimum required is "3.6") 
[2.550s] -- Found python_cmake_module: 0.10.2 (/opt/ros/iron/share/python_cmake_module/cmake)
[2.597s] -- Found PythonLibs: /usr/lib/x86_64-linux-gnu/libpython3.10.so (found suitable version "3.10.12", minimum required is "3.5") 
[2.597s] -- Using PYTHON_EXECUTABLE: /usr/bin/python3
[2.597s] -- Using PYTHON_INCLUDE_DIRS: /usr/include/python3.10
[2.597s] -- Using PYTHON_LIBRARIES: /usr/lib/x86_64-linux-gnu/libpython3.10.so
[2.637s] -- Found PythonExtra: .so  
[2.699s] -- Added test 'copyright' to check source files copyright and LICENSE
[2.710s] -- Added test 'lint_cmake' to check CMake code style
[2.717s] -- Added test 'xmllint' to check XML markup files
[2.732s] -- Configuring done
[2.793s] -- Generating done
[2.799s] -- Build files have been written to: /home/ubb/uros_ws/build/micro_ros_msgs
[2.811s] Invoked command in '/home/ubb/uros_ws/build/micro_ros_msgs' returned '0': CMAKE_PREFIX_PATH=${CMAKE_PREFIX_PATH}:/opt/ros/iron /usr/bin/cmake /home/ubb/uros_ws/src/uros/micro_ros_msgs -DUAGENT_BUILD_EXECUTABLE=OFF -DUAGENT_P2P_PROFILE=OFF --no-warn-unused-cli -DCMAKE_INSTALL_PREFIX=/home/ubb/uros_ws/install/micro_ros_msgs
[2.812s] Invoking command in '/home/ubb/uros_ws/build/micro_ros_msgs': CMAKE_PREFIX_PATH=${CMAKE_PREFIX_PATH}:/opt/ros/iron /usr/bin/cmake --build /home/ubb/uros_ws/build/micro_ros_msgs -- -j1 -l1
[2.893s] [  1%] [34m[1mGenerating type hashes for ROS interfaces[0m
[3.505s] [  1%] Built target micro_ros_msgs__rosidl_generator_type_description
[3.542s] [  3%] [34m[1mGenerating C++ code for ROS interfaces[0m
[4.427s] [  3%] Built target micro_ros_msgs__cpp
[4.448s] [  5%] [34m[1mGenerating C code for ROS interfaces[0m
[5.506s] [  7%] [32mBuilding C object CMakeFiles/micro_ros_msgs__rosidl_generator_c.dir/rosidl_generator_c/micro_ros_msgs/msg/detail/graph__description.c.o[0m
[5.611s] [  9%] [32mBuilding C object CMakeFiles/micro_ros_msgs__rosidl_generator_c.dir/rosidl_generator_c/micro_ros_msgs/msg/detail/graph__functions.c.o[0m
[5.689s] [ 11%] [32mBuilding C object CMakeFiles/micro_ros_msgs__rosidl_generator_c.dir/rosidl_generator_c/micro_ros_msgs/msg/detail/graph__type_support.c.o[0m
[5.731s] [ 12%] [32mBuilding C object CMakeFiles/micro_ros_msgs__rosidl_generator_c.dir/rosidl_generator_c/micro_ros_msgs/msg/detail/node__description.c.o[0m
[5.791s] [ 14%] [32mBuilding C object CMakeFiles/micro_ros_msgs__rosidl_generator_c.dir/rosidl_generator_c/micro_ros_msgs/msg/detail/node__functions.c.o[0m
[5.868s] [ 16%] [32mBuilding C object CMakeFiles/micro_ros_msgs__rosidl_generator_c.dir/rosidl_generator_c/micro_ros_msgs/msg/detail/node__type_support.c.o[0m
[5.914s] [ 18%] [32mBuilding C object CMakeFiles/micro_ros_msgs__rosidl_generator_c.dir/rosidl_generator_c/micro_ros_msgs/msg/detail/entity__description.c.o[0m
[5.974s] [ 20%] [32mBuilding C object CMakeFiles/micro_ros_msgs__rosidl_generator_c.dir/rosidl_generator_c/micro_ros_msgs/msg/detail/entity__functions.c.o[0m
[6.056s] [ 22%] [32mBuilding C object CMakeFiles/micro_ros_msgs__rosidl_generator_c.dir/rosidl_generator_c/micro_ros_msgs/msg/detail/entity__type_support.c.o[0m
[6.099s] [ 24%] [32m[1mLinking C shared library libmicro_ros_msgs__rosidl_generator_c.so[0m
[6.162s] [ 24%] Built target micro_ros_msgs__rosidl_generator_c
[6.176s] [ 25%] [34m[1mGenerating C++ type support for eProsima Fast-RTPS[0m
[6.992s] [ 27%] [32mBuilding CXX object CMakeFiles/micro_ros_msgs__rosidl_typesupport_fastrtps_cpp.dir/rosidl_typesupport_fastrtps_cpp/micro_ros_msgs/msg/detail/dds_fastrtps/graph__type_support.cpp.o[0m
[8.077s] [ 29%] [32mBuilding CXX object CMakeFiles/micro_ros_msgs__rosidl_typesupport_fastrtps_cpp.dir/rosidl_typesupport_fastrtps_cpp/micro_ros_msgs/msg/detail/dds_fastrtps/node__type_support.cpp.o[0m
[8.986s] [ 31%] [32mBuilding CXX object CMakeFiles/micro_ros_msgs__rosidl_typesupport_fastrtps_cpp.dir/rosidl_typesupport_fastrtps_cpp/micro_ros_msgs/msg/detail/dds_fastrtps/entity__type_support.cpp.o[0m
[9.889s] [ 33%] [32m[1mLinking CXX shared library libmicro_ros_msgs__rosidl_typesupport_fastrtps_cpp.so[0m
[10.021s] [ 33%] Built target micro_ros_msgs__rosidl_typesupport_fastrtps_cpp
[10.035s] [ 35%] [34m[1mGenerating C++ introspection for ROS interfaces[0m
[10.773s] [ 37%] [32mBuilding CXX object CMakeFiles/micro_ros_msgs__rosidl_typesupport_introspection_cpp.dir/rosidl_typesupport_introspection_cpp/micro_ros_msgs/msg/detail/graph__type_support.cpp.o[0m
[11.630s] [ 38%] [32mBuilding CXX object CMakeFiles/micro_ros_msgs__rosidl_typesupport_introspection_cpp.dir/rosidl_typesupport_introspection_cpp/micro_ros_msgs/msg/detail/node__type_support.cpp.o[0m
[12.385s] [ 40%] [32mBuilding CXX object CMakeFiles/micro_ros_msgs__rosidl_typesupport_introspection_cpp.dir/rosidl_typesupport_introspection_cpp/micro_ros_msgs/msg/detail/entity__type_support.cpp.o[0m
[13.058s] [ 42%] [32m[1mLinking CXX shared library libmicro_ros_msgs__rosidl_typesupport_introspection_cpp.so[0m
[13.199s] [ 42%] Built target micro_ros_msgs__rosidl_typesupport_introspection_cpp
[13.219s] [ 44%] [34m[1mGenerating C++ type support dispatch for ROS interfaces[0m
[13.891s] [ 46%] [32mBuilding CXX object CMakeFiles/micro_ros_msgs__rosidl_typesupport_cpp.dir/rosidl_typesupport_cpp/micro_ros_msgs/msg/graph__type_support.cpp.o[0m
[14.500s] [ 48%] [32mBuilding CXX object CMakeFiles/micro_ros_msgs__rosidl_typesupport_cpp.dir/rosidl_typesupport_cpp/micro_ros_msgs/msg/node__type_support.cpp.o[0m
[15.105s] [ 50%] [32mBuilding CXX object CMakeFiles/micro_ros_msgs__rosidl_typesupport_cpp.dir/rosidl_typesupport_cpp/micro_ros_msgs/msg/entity__type_support.cpp.o[0m
[15.711s] [ 51%] [32m[1mLinking CXX shared library libmicro_ros_msgs__rosidl_typesupport_cpp.so[0m
[15.775s] [ 51%] Built target micro_ros_msgs__rosidl_typesupport_cpp
[15.791s] [ 53%] [34m[1mGenerating C type support for eProsima Fast-RTPS[0m
[16.584s] [ 55%] [32mBuilding CXX object CMakeFiles/micro_ros_msgs__rosidl_typesupport_fastrtps_c.dir/rosidl_typesupport_fastrtps_c/micro_ros_msgs/msg/detail/graph__type_support_c.cpp.o[0m
[17.136s] [ 57%] [32mBuilding CXX object CMakeFiles/micro_ros_msgs__rosidl_typesupport_fastrtps_c.dir/rosidl_typesupport_fastrtps_c/micro_ros_msgs/msg/detail/node__type_support_c.cpp.o[0m
[17.694s] [ 59%] [32mBuilding CXX object CMakeFiles/micro_ros_msgs__rosidl_typesupport_fastrtps_c.dir/rosidl_typesupport_fastrtps_c/micro_ros_msgs/msg/detail/entity__type_support_c.cpp.o[0m
[18.266s] [ 61%] [32m[1mLinking CXX shared library libmicro_ros_msgs__rosidl_typesupport_fastrtps_c.so[0m
[18.389s] [ 61%] Built target micro_ros_msgs__rosidl_typesupport_fastrtps_c
[18.404s] [ 62%] [34m[1mGenerating C introspection for ROS interfaces[0m
[19.160s] [ 64%] [32mBuilding C object CMakeFiles/micro_ros_msgs__rosidl_typesupport_introspection_c.dir/rosidl_typesupport_introspection_c/micro_ros_msgs/msg/detail/graph__type_support.c.o[0m
[19.225s] [ 66%] [32mBuilding C object CMakeFiles/micro_ros_msgs__rosidl_typesupport_introspection_c.dir/rosidl_typesupport_introspection_c/micro_ros_msgs/msg/detail/node__type_support.c.o[0m
[19.287s] [ 68%] [32mBuilding C object CMakeFiles/micro_ros_msgs__rosidl_typesupport_introspection_c.dir/rosidl_typesupport_introspection_c/micro_ros_msgs/msg/detail/entity__type_support.c.o[0m
[19.348s] [ 70%] [32m[1mLinking C shared library libmicro_ros_msgs__rosidl_typesupport_introspection_c.so[0m
[19.393s] [ 70%] Built target micro_ros_msgs__rosidl_typesupport_introspection_c
[19.408s] [ 72%] [34m[1mGenerating C type support dispatch for ROS interfaces[0m
[20.067s] [ 74%] [32mBuilding CXX object CMakeFiles/micro_ros_msgs__rosidl_typesupport_c.dir/rosidl_typesupport_c/micro_ros_msgs/msg/graph__type_support.cpp.o[0m
[20.133s] [ 75%] [32mBuilding CXX object CMakeFiles/micro_ros_msgs__rosidl_typesupport_c.dir/rosidl_typesupport_c/micro_ros_msgs/msg/node__type_support.cpp.o[0m
[20.190s] [ 77%] [32mBuilding CXX object CMakeFiles/micro_ros_msgs__rosidl_typesupport_c.dir/rosidl_typesupport_c/micro_ros_msgs/msg/entity__type_support.cpp.o[0m
[20.254s] [ 79%] [32m[1mLinking CXX shared library libmicro_ros_msgs__rosidl_typesupport_c.so[0m
[20.322s] [ 79%] Built target micro_ros_msgs__rosidl_typesupport_c
[20.349s] [ 79%] Built target micro_ros_msgs
[20.386s] [ 79%] Built target ament_cmake_python_copy_micro_ros_msgs
[20.874s] running egg_info
[20.875s] creating micro_ros_msgs.egg-info
[20.875s] writing micro_ros_msgs.egg-info/PKG-INFO
[20.876s] writing dependency_links to micro_ros_msgs.egg-info/dependency_links.txt
[20.876s] writing top-level names to micro_ros_msgs.egg-info/top_level.txt
[20.877s] writing manifest file 'micro_ros_msgs.egg-info/SOURCES.txt'
[20.883s] reading manifest file 'micro_ros_msgs.egg-info/SOURCES.txt'
[20.884s] writing manifest file 'micro_ros_msgs.egg-info/SOURCES.txt'
[20.930s] [ 79%] Built target ament_cmake_python_build_micro_ros_msgs_egg
[20.958s] [ 81%] [34m[1mGenerating Python code for ROS interfaces[0m
[22.299s] [ 81%] Built target micro_ros_msgs__py
[22.336s] [ 83%] [32mBuilding C object CMakeFiles/micro_ros_msgs__rosidl_generator_py.dir/rosidl_generator_py/micro_ros_msgs/msg/_graph_s.c.o[0m
[22.571s] [ 85%] [32mBuilding C object CMakeFiles/micro_ros_msgs__rosidl_generator_py.dir/rosidl_generator_py/micro_ros_msgs/msg/_node_s.c.o[0m
[22.748s] [ 87%] [32mBuilding C object CMakeFiles/micro_ros_msgs__rosidl_generator_py.dir/rosidl_generator_py/micro_ros_msgs/msg/_entity_s.c.o[0m
[22.932s] [ 88%] [32m[1mLinking C shared library rosidl_generator_py/micro_ros_msgs/libmicro_ros_msgs__rosidl_generator_py.so[0m
[22.988s] [ 88%] Built target micro_ros_msgs__rosidl_generator_py
[23.018s] [ 90%] [32mBuilding C object CMakeFiles/micro_ros_msgs__rosidl_typesupport_fastrtps_c__pyext.dir/rosidl_generator_py/micro_ros_msgs/_micro_ros_msgs_s.ep.rosidl_typesupport_fastrtps_c.c.o[0m
[23.189s] [ 92%] [32m[1mLinking C shared library rosidl_generator_py/micro_ros_msgs/micro_ros_msgs_s__rosidl_typesupport_fastrtps_c.cpython-310-x86_64-linux-gnu.so[0m
[23.247s] [ 92%] Built target micro_ros_msgs__rosidl_typesupport_fastrtps_c__pyext
[23.275s] [ 94%] [32mBuilding C object CMakeFiles/micro_ros_msgs__rosidl_typesupport_introspection_c__pyext.dir/rosidl_generator_py/micro_ros_msgs/_micro_ros_msgs_s.ep.rosidl_typesupport_introspection_c.c.o[0m
[23.444s] [ 96%] [32m[1mLinking C shared library rosidl_generator_py/micro_ros_msgs/micro_ros_msgs_s__rosidl_typesupport_introspection_c.cpython-310-x86_64-linux-gnu.so[0m
[23.500s] [ 96%] Built target micro_ros_msgs__rosidl_typesupport_introspection_c__pyext
[23.534s] [ 98%] [32mBuilding C object CMakeFiles/micro_ros_msgs__rosidl_typesupport_c__pyext.dir/rosidl_generator_py/micro_ros_msgs/_micro_ros_msgs_s.ep.rosidl_typesupport_c.c.o[0m
[23.696s] [100%] [32m[1mLinking C shared library rosidl_generator_py/micro_ros_msgs/micro_ros_msgs_s__rosidl_typesupport_c.cpython-310-x86_64-linux-gnu.so[0m
[23.752s] [100%] Built target micro_ros_msgs__rosidl_typesupport_c__pyext
[23.769s] Invoked command in '/home/ubb/uros_ws/build/micro_ros_msgs' returned '0': CMAKE_PREFIX_PATH=${CMAKE_PREFIX_PATH}:/opt/ros/iron /usr/bin/cmake --build /home/ubb/uros_ws/build/micro_ros_msgs -- -j1 -l1
[23.952s] Invoking command in '/home/ubb/uros_ws/build/micro_ros_msgs': CMAKE_PREFIX_PATH=${CMAKE_PREFIX_PATH}:/opt/ros/iron /usr/bin/cmake --install /home/ubb/uros_ws/build/micro_ros_msgs
[23.964s] -- Install configuration: ""
[23.964s] -- Installing: /home/ubb/uros_ws/install/micro_ros_msgs/share/ament_index/resource_index/rosidl_interfaces/micro_ros_msgs
[23.965s] -- Installing: /home/ubb/uros_ws/install/micro_ros_msgs/share/micro_ros_msgs/msg/Graph.json
[23.965s] -- Installing: /home/ubb/uros_ws/install/micro_ros_msgs/share/micro_ros_msgs/msg/Node.json
[23.966s] -- Installing: /home/ubb/uros_ws/install/micro_ros_msgs/share/micro_ros_msgs/msg/Entity.json
[23.966s] -- Installing: /home/ubb/uros_ws/install/micro_ros_msgs/include/micro_ros_msgs/micro_ros_msgs
[23.967s] -- Installing: /home/ubb/uros_ws/install/micro_ros_msgs/include/micro_ros_msgs/micro_ros_msgs/msg
[23.967s] -- Installing: /home/ubb/uros_ws/install/micro_ros_msgs/include/micro_ros_msgs/micro_ros_msgs/msg/node.h
[23.967s] -- Installing: /home/ubb/uros_ws/install/micro_ros_msgs/include/micro_ros_msgs/micro_ros_msgs/msg/entity.h
[23.968s] -- Installing: /home/ubb/uros_ws/install/micro_ros_msgs/include/micro_ros_msgs/micro_ros_msgs/msg/rosidl_generator_c__visibility_control.h
[23.968s] -- Installing: /home/ubb/uros_ws/install/micro_ros_msgs/include/micro_ros_msgs/micro_ros_msgs/msg/graph.h
[23.968s] -- Installing: /home/ubb/uros_ws/install/micro_ros_msgs/include/micro_ros_msgs/micro_ros_msgs/msg/detail
[23.969s] -- Installing: /home/ubb/uros_ws/install/micro_ros_msgs/include/micro_ros_msgs/micro_ros_msgs/msg/detail/node__description.c
[23.969s] -- Installing: /home/ubb/uros_ws/install/micro_ros_msgs/include/micro_ros_msgs/micro_ros_msgs/msg/detail/node__struct.h
[23.969s] -- Installing: /home/ubb/uros_ws/install/micro_ros_msgs/include/micro_ros_msgs/micro_ros_msgs/msg/detail/graph__type_support.h
[23.970s] -- Installing: /home/ubb/uros_ws/install/micro_ros_msgs/include/micro_ros_msgs/micro_ros_msgs/msg/detail/entity__type_support.h
[23.970s] -- Installing: /home/ubb/uros_ws/install/micro_ros_msgs/include/micro_ros_msgs/micro_ros_msgs/msg/detail/entity__description.c
[23.970s] -- Installing: /home/ubb/uros_ws/install/micro_ros_msgs/include/micro_ros_msgs/micro_ros_msgs/msg/detail/node__functions.h
[23.971s] -- Installing: /home/ubb/uros_ws/install/micro_ros_msgs/include/micro_ros_msgs/micro_ros_msgs/msg/detail/entity__functions.c
[23.971s] -- Installing: /home/ubb/uros_ws/install/micro_ros_msgs/include/micro_ros_msgs/micro_ros_msgs/msg/detail/entity__type_support.c
[23.971s] -- Installing: /home/ubb/uros_ws/install/micro_ros_msgs/include/micro_ros_msgs/micro_ros_msgs/msg/detail/graph__description.c
[23.972s] -- Installing: /home/ubb/uros_ws/install/micro_ros_msgs/include/micro_ros_msgs/micro_ros_msgs/msg/detail/graph__functions.h
[23.972s] -- Installing: /home/ubb/uros_ws/install/micro_ros_msgs/include/micro_ros_msgs/micro_ros_msgs/msg/detail/node__type_support.c
[23.972s] -- Installing: /home/ubb/uros_ws/install/micro_ros_msgs/include/micro_ros_msgs/micro_ros_msgs/msg/detail/entity__functions.h
[23.973s] -- Installing: /home/ubb/uros_ws/install/micro_ros_msgs/include/micro_ros_msgs/micro_ros_msgs/msg/detail/node__type_support.h
[23.973s] -- Installing: /home/ubb/uros_ws/install/micro_ros_msgs/include/micro_ros_msgs/micro_ros_msgs/msg/detail/entity__struct.h
[23.974s] -- Installing: /home/ubb/uros_ws/install/micro_ros_msgs/include/micro_ros_msgs/micro_ros_msgs/msg/detail/graph__type_support.c
[23.974s] -- Installing: /home/ubb/uros_ws/install/micro_ros_msgs/include/micro_ros_msgs/micro_ros_msgs/msg/detail/graph__functions.c
[23.974s] -- Installing: /home/ubb/uros_ws/install/micro_ros_msgs/include/micro_ros_msgs/micro_ros_msgs/msg/detail/node__functions.c
[23.975s] -- Installing: /home/ubb/uros_ws/install/micro_ros_msgs/include/micro_ros_msgs/micro_ros_msgs/msg/detail/graph__struct.h
[23.975s] -- Installing: /home/ubb/uros_ws/install/micro_ros_msgs/share/micro_ros_msgs/environment/library_path.sh
[23.975s] -- Installing: /home/ubb/uros_ws/install/micro_ros_msgs/share/micro_ros_msgs/environment/library_path.dsv
[23.976s] -- Installing: /home/ubb/uros_ws/install/micro_ros_msgs/lib/libmicro_ros_msgs__rosidl_generator_c.so
[23.977s] -- Set runtime path of "/home/ubb/uros_ws/install/micro_ros_msgs/lib/libmicro_ros_msgs__rosidl_generator_c.so" to ""
[23.977s] -- Up-to-date: /home/ubb/uros_ws/install/micro_ros_msgs/include/micro_ros_msgs/micro_ros_msgs
[23.977s] -- Up-to-date: /home/ubb/uros_ws/install/micro_ros_msgs/include/micro_ros_msgs/micro_ros_msgs/msg
[23.978s] -- Installing: /home/ubb/uros_ws/install/micro_ros_msgs/include/micro_ros_msgs/micro_ros_msgs/msg/rosidl_typesupport_fastrtps_c__visibility_control.h
[23.978s] -- Up-to-date: /home/ubb/uros_ws/install/micro_ros_msgs/include/micro_ros_msgs/micro_ros_msgs/msg/detail
[23.978s] -- Installing: /home/ubb/uros_ws/install/micro_ros_msgs/include/micro_ros_msgs/micro_ros_msgs/msg/detail/entity__rosidl_typesupport_fastrtps_c.h
[23.979s] -- Installing: /home/ubb/uros_ws/install/micro_ros_msgs/include/micro_ros_msgs/micro_ros_msgs/msg/detail/graph__rosidl_typesupport_fastrtps_c.h
[23.979s] -- Installing: /home/ubb/uros_ws/install/micro_ros_msgs/include/micro_ros_msgs/micro_ros_msgs/msg/detail/node__rosidl_typesupport_fastrtps_c.h
[23.979s] -- Installing: /home/ubb/uros_ws/install/micro_ros_msgs/lib/libmicro_ros_msgs__rosidl_typesupport_fastrtps_c.so
[23.980s] -- Set runtime path of "/home/ubb/uros_ws/install/micro_ros_msgs/lib/libmicro_ros_msgs__rosidl_typesupport_fastrtps_c.so" to ""
[23.981s] -- Up-to-date: /home/ubb/uros_ws/install/micro_ros_msgs/include/micro_ros_msgs/micro_ros_msgs
[23.981s] -- Up-to-date: /home/ubb/uros_ws/install/micro_ros_msgs/include/micro_ros_msgs/micro_ros_msgs/msg
[23.981s] -- Installing: /home/ubb/uros_ws/install/micro_ros_msgs/include/micro_ros_msgs/micro_ros_msgs/msg/rosidl_typesupport_introspection_c__visibility_control.h
[23.982s] -- Up-to-date: /home/ubb/uros_ws/install/micro_ros_msgs/include/micro_ros_msgs/micro_ros_msgs/msg/detail
[23.982s] -- Installing: /home/ubb/uros_ws/install/micro_ros_msgs/include/micro_ros_msgs/micro_ros_msgs/msg/detail/entity__type_support.c
[23.982s] -- Installing: /home/ubb/uros_ws/install/micro_ros_msgs/include/micro_ros_msgs/micro_ros_msgs/msg/detail/entity__rosidl_typesupport_introspection_c.h
[23.983s] -- Installing: /home/ubb/uros_ws/install/micro_ros_msgs/include/micro_ros_msgs/micro_ros_msgs/msg/detail/node__type_support.c
[23.983s] -- Installing: /home/ubb/uros_ws/install/micro_ros_msgs/include/micro_ros_msgs/micro_ros_msgs/msg/detail/node__rosidl_typesupport_introspection_c.h
[23.983s] -- Installing: /home/ubb/uros_ws/install/micro_ros_msgs/include/micro_ros_msgs/micro_ros_msgs/msg/detail/graph__type_support.c
[23.984s] -- Installing: /home/ubb/uros_ws/install/micro_ros_msgs/include/micro_ros_msgs/micro_ros_msgs/msg/detail/graph__rosidl_typesupport_introspection_c.h
[23.984s] -- Installing: /home/ubb/uros_ws/install/micro_ros_msgs/lib/libmicro_ros_msgs__rosidl_typesupport_introspection_c.so
[23.985s] -- Set runtime path of "/home/ubb/uros_ws/install/micro_ros_msgs/lib/libmicro_ros_msgs__rosidl_typesupport_introspection_c.so" to ""
[23.985s] -- Installing: /home/ubb/uros_ws/install/micro_ros_msgs/lib/libmicro_ros_msgs__rosidl_typesupport_c.so
[23.986s] -- Set runtime path of "/home/ubb/uros_ws/install/micro_ros_msgs/lib/libmicro_ros_msgs__rosidl_typesupport_c.so" to ""
[23.986s] -- Up-to-date: /home/ubb/uros_ws/install/micro_ros_msgs/include/micro_ros_msgs/micro_ros_msgs
[23.986s] -- Up-to-date: /home/ubb/uros_ws/install/micro_ros_msgs/include/micro_ros_msgs/micro_ros_msgs/msg
[23.987s] -- Installing: /home/ubb/uros_ws/install/micro_ros_msgs/include/micro_ros_msgs/micro_ros_msgs/msg/entity.hpp
[23.987s] -- Installing: /home/ubb/uros_ws/install/micro_ros_msgs/include/micro_ros_msgs/micro_ros_msgs/msg/graph.hpp
[23.987s] -- Installing: /home/ubb/uros_ws/install/micro_ros_msgs/include/micro_ros_msgs/micro_ros_msgs/msg/node.hpp
[23.988s] -- Up-to-date: /home/ubb/uros_ws/install/micro_ros_msgs/include/micro_ros_msgs/micro_ros_msgs/msg/detail
[23.988s] -- Installing: /home/ubb/uros_ws/install/micro_ros_msgs/include/micro_ros_msgs/micro_ros_msgs/msg/detail/node__builder.hpp
[23.988s] -- Installing: /home/ubb/uros_ws/install/micro_ros_msgs/include/micro_ros_msgs/micro_ros_msgs/msg/detail/node__struct.hpp
[23.989s] -- Installing: /home/ubb/uros_ws/install/micro_ros_msgs/include/micro_ros_msgs/micro_ros_msgs/msg/detail/entity__traits.hpp
[23.989s] -- Installing: /home/ubb/uros_ws/install/micro_ros_msgs/include/micro_ros_msgs/micro_ros_msgs/msg/detail/graph__builder.hpp
[23.989s] -- Installing: /home/ubb/uros_ws/install/micro_ros_msgs/include/micro_ros_msgs/micro_ros_msgs/msg/detail/graph__traits.hpp
[23.990s] -- Installing: /home/ubb/uros_ws/install/micro_ros_msgs/include/micro_ros_msgs/micro_ros_msgs/msg/detail/graph__struct.hpp
[23.990s] -- Installing: /home/ubb/uros_ws/install/micro_ros_msgs/include/micro_ros_msgs/micro_ros_msgs/msg/detail/entity__builder.hpp
[23.991s] -- Installing: /home/ubb/uros_ws/install/micro_ros_msgs/include/micro_ros_msgs/micro_ros_msgs/msg/detail/node__traits.hpp
[23.991s] -- Installing: /home/ubb/uros_ws/install/micro_ros_msgs/include/micro_ros_msgs/micro_ros_msgs/msg/detail/entity__struct.hpp
[23.991s] -- Up-to-date: /home/ubb/uros_ws/install/micro_ros_msgs/include/micro_ros_msgs/micro_ros_msgs
[23.992s] -- Up-to-date: /home/ubb/uros_ws/install/micro_ros_msgs/include/micro_ros_msgs/micro_ros_msgs/msg
[23.992s] -- Up-to-date: /home/ubb/uros_ws/install/micro_ros_msgs/include/micro_ros_msgs/micro_ros_msgs/msg/detail
[23.992s] -- Installing: /home/ubb/uros_ws/install/micro_ros_msgs/include/micro_ros_msgs/micro_ros_msgs/msg/detail/graph__rosidl_typesupport_fastrtps_cpp.hpp
[23.993s] -- Installing: /home/ubb/uros_ws/install/micro_ros_msgs/include/micro_ros_msgs/micro_ros_msgs/msg/detail/dds_fastrtps
[23.993s] -- Installing: /home/ubb/uros_ws/install/micro_ros_msgs/include/micro_ros_msgs/micro_ros_msgs/msg/detail/entity__rosidl_typesupport_fastrtps_cpp.hpp
[23.993s] -- Installing: /home/ubb/uros_ws/install/micro_ros_msgs/include/micro_ros_msgs/micro_ros_msgs/msg/detail/node__rosidl_typesupport_fastrtps_cpp.hpp
[23.994s] -- Installing: /home/ubb/uros_ws/install/micro_ros_msgs/include/micro_ros_msgs/micro_ros_msgs/msg/rosidl_typesupport_fastrtps_cpp__visibility_control.h
[23.994s] -- Installing: /home/ubb/uros_ws/install/micro_ros_msgs/lib/libmicro_ros_msgs__rosidl_typesupport_fastrtps_cpp.so
[23.995s] -- Set runtime path of "/home/ubb/uros_ws/install/micro_ros_msgs/lib/libmicro_ros_msgs__rosidl_typesupport_fastrtps_cpp.so" to ""
[23.995s] -- Up-to-date: /home/ubb/uros_ws/install/micro_ros_msgs/include/micro_ros_msgs/micro_ros_msgs
[23.996s] -- Up-to-date: /home/ubb/uros_ws/install/micro_ros_msgs/include/micro_ros_msgs/micro_ros_msgs/msg
[23.996s] -- Up-to-date: /home/ubb/uros_ws/install/micro_ros_msgs/include/micro_ros_msgs/micro_ros_msgs/msg/detail
[23.996s] -- Installing: /home/ubb/uros_ws/install/micro_ros_msgs/include/micro_ros_msgs/micro_ros_msgs/msg/detail/entity__type_support.cpp
[23.996s] -- Installing: /home/ubb/uros_ws/install/micro_ros_msgs/include/micro_ros_msgs/micro_ros_msgs/msg/detail/graph__rosidl_typesupport_introspection_cpp.hpp
[23.997s] -- Installing: /home/ubb/uros_ws/install/micro_ros_msgs/include/micro_ros_msgs/micro_ros_msgs/msg/detail/node__rosidl_typesupport_introspection_cpp.hpp
[23.997s] -- Installing: /home/ubb/uros_ws/install/micro_ros_msgs/include/micro_ros_msgs/micro_ros_msgs/msg/detail/entity__rosidl_typesupport_introspection_cpp.hpp
[23.998s] -- Installing: /home/ubb/uros_ws/install/micro_ros_msgs/include/micro_ros_msgs/micro_ros_msgs/msg/detail/node__type_support.cpp
[23.998s] -- Installing: /home/ubb/uros_ws/install/micro_ros_msgs/include/micro_ros_msgs/micro_ros_msgs/msg/detail/graph__type_support.cpp
[23.998s] -- Installing: /home/ubb/uros_ws/install/micro_ros_msgs/lib/libmicro_ros_msgs__rosidl_typesupport_introspection_cpp.so
[23.999s] -- Set runtime path of "/home/ubb/uros_ws/install/micro_ros_msgs/lib/libmicro_ros_msgs__rosidl_typesupport_introspection_cpp.so" to ""
[24.000s] -- Installing: /home/ubb/uros_ws/install/micro_ros_msgs/lib/libmicro_ros_msgs__rosidl_typesupport_cpp.so
[24.000s] -- Set runtime path of "/home/ubb/uros_ws/install/micro_ros_msgs/lib/libmicro_ros_msgs__rosidl_typesupport_cpp.so" to ""
[24.001s] -- Installing: /home/ubb/uros_ws/install/micro_ros_msgs/share/micro_ros_msgs/environment/pythonpath.sh
[24.001s] -- Installing: /home/ubb/uros_ws/install/micro_ros_msgs/share/micro_ros_msgs/environment/pythonpath.dsv
[24.002s] -- Installing: /home/ubb/uros_ws/install/micro_ros_msgs/lib/python3.10/site-packages/micro_ros_msgs-4.0.1-py3.10.egg-info
[24.002s] -- Installing: /home/ubb/uros_ws/install/micro_ros_msgs/lib/python3.10/site-packages/micro_ros_msgs-4.0.1-py3.10.egg-info/PKG-INFO
[24.003s] -- Installing: /home/ubb/uros_ws/install/micro_ros_msgs/lib/python3.10/site-packages/micro_ros_msgs-4.0.1-py3.10.egg-info/top_level.txt
[24.003s] -- Installing: /home/ubb/uros_ws/install/micro_ros_msgs/lib/python3.10/site-packages/micro_ros_msgs-4.0.1-py3.10.egg-info/dependency_links.txt
[24.003s] -- Installing: /home/ubb/uros_ws/install/micro_ros_msgs/lib/python3.10/site-packages/micro_ros_msgs-4.0.1-py3.10.egg-info/SOURCES.txt
[24.004s] -- Installing: /home/ubb/uros_ws/install/micro_ros_msgs/lib/python3.10/site-packages/micro_ros_msgs
[24.004s] -- Installing: /home/ubb/uros_ws/install/micro_ros_msgs/lib/python3.10/site-packages/micro_ros_msgs/__init__.py
[24.004s] -- Installing: /home/ubb/uros_ws/install/micro_ros_msgs/lib/python3.10/site-packages/micro_ros_msgs/_micro_ros_msgs_s.ep.rosidl_typesupport_c.c
[24.005s] -- Installing: /home/ubb/uros_ws/install/micro_ros_msgs/lib/python3.10/site-packages/micro_ros_msgs/_micro_ros_msgs_s.ep.rosidl_typesupport_introspection_c.c
[24.005s] -- Installing: /home/ubb/uros_ws/install/micro_ros_msgs/lib/python3.10/site-packages/micro_ros_msgs/micro_ros_msgs_s__rosidl_typesupport_introspection_c.cpython-310-x86_64-linux-gnu.so
[24.005s] -- Installing: /home/ubb/uros_ws/install/micro_ros_msgs/lib/python3.10/site-packages/micro_ros_msgs/micro_ros_msgs_s__rosidl_typesupport_fastrtps_c.cpython-310-x86_64-linux-gnu.so
[24.006s] -- Installing: /home/ubb/uros_ws/install/micro_ros_msgs/lib/python3.10/site-packages/micro_ros_msgs/libmicro_ros_msgs__rosidl_generator_py.so
[24.006s] -- Installing: /home/ubb/uros_ws/install/micro_ros_msgs/lib/python3.10/site-packages/micro_ros_msgs/micro_ros_msgs_s__rosidl_typesupport_c.cpython-310-x86_64-linux-gnu.so
[24.007s] -- Installing: /home/ubb/uros_ws/install/micro_ros_msgs/lib/python3.10/site-packages/micro_ros_msgs/_micro_ros_msgs_s.ep.rosidl_typesupport_fastrtps_c.c
[24.007s] -- Installing: /home/ubb/uros_ws/install/micro_ros_msgs/lib/python3.10/site-packages/micro_ros_msgs/msg
[24.007s] -- Installing: /home/ubb/uros_ws/install/micro_ros_msgs/lib/python3.10/site-packages/micro_ros_msgs/msg/_node.py
[24.008s] -- Installing: /home/ubb/uros_ws/install/micro_ros_msgs/lib/python3.10/site-packages/micro_ros_msgs/msg/__init__.py
[24.008s] -- Installing: /home/ubb/uros_ws/install/micro_ros_msgs/lib/python3.10/site-packages/micro_ros_msgs/msg/_graph.py
[24.008s] -- Installing: /home/ubb/uros_ws/install/micro_ros_msgs/lib/python3.10/site-packages/micro_ros_msgs/msg/_node_s.c
[24.009s] -- Installing: /home/ubb/uros_ws/install/micro_ros_msgs/lib/python3.10/site-packages/micro_ros_msgs/msg/_entity_s.c
[24.009s] -- Installing: /home/ubb/uros_ws/install/micro_ros_msgs/lib/python3.10/site-packages/micro_ros_msgs/msg/_graph_s.c
[24.009s] -- Installing: /home/ubb/uros_ws/install/micro_ros_msgs/lib/python3.10/site-packages/micro_ros_msgs/msg/_entity.py
[24.076s] Listing '/home/ubb/uros_ws/install/micro_ros_msgs/lib/python3.10/site-packages/micro_ros_msgs'...
[24.076s] Compiling '/home/ubb/uros_ws/install/micro_ros_msgs/lib/python3.10/site-packages/micro_ros_msgs/__init__.py'...
[24.077s] Listing '/home/ubb/uros_ws/install/micro_ros_msgs/lib/python3.10/site-packages/micro_ros_msgs/msg'...
[24.077s] Compiling '/home/ubb/uros_ws/install/micro_ros_msgs/lib/python3.10/site-packages/micro_ros_msgs/msg/__init__.py'...
[24.077s] Compiling '/home/ubb/uros_ws/install/micro_ros_msgs/lib/python3.10/site-packages/micro_ros_msgs/msg/_entity.py'...
[24.077s] Compiling '/home/ubb/uros_ws/install/micro_ros_msgs/lib/python3.10/site-packages/micro_ros_msgs/msg/_graph.py'...
[24.077s] Compiling '/home/ubb/uros_ws/install/micro_ros_msgs/lib/python3.10/site-packages/micro_ros_msgs/msg/_node.py'...
[24.085s] -- Installing: /home/ubb/uros_ws/install/micro_ros_msgs/lib/python3.10/site-packages/micro_ros_msgs/micro_ros_msgs_s__rosidl_typesupport_fastrtps_c.cpython-310-x86_64-linux-gnu.so
[24.086s] -- Set runtime path of "/home/ubb/uros_ws/install/micro_ros_msgs/lib/python3.10/site-packages/micro_ros_msgs/micro_ros_msgs_s__rosidl_typesupport_fastrtps_c.cpython-310-x86_64-linux-gnu.so" to ""
[24.086s] -- Installing: /home/ubb/uros_ws/install/micro_ros_msgs/lib/python3.10/site-packages/micro_ros_msgs/micro_ros_msgs_s__rosidl_typesupport_introspection_c.cpython-310-x86_64-linux-gnu.so
[24.087s] -- Set runtime path of "/home/ubb/uros_ws/install/micro_ros_msgs/lib/python3.10/site-packages/micro_ros_msgs/micro_ros_msgs_s__rosidl_typesupport_introspection_c.cpython-310-x86_64-linux-gnu.so" to ""
[24.088s] -- Installing: /home/ubb/uros_ws/install/micro_ros_msgs/lib/python3.10/site-packages/micro_ros_msgs/micro_ros_msgs_s__rosidl_typesupport_c.cpython-310-x86_64-linux-gnu.so
[24.088s] -- Set runtime path of "/home/ubb/uros_ws/install/micro_ros_msgs/lib/python3.10/site-packages/micro_ros_msgs/micro_ros_msgs_s__rosidl_typesupport_c.cpython-310-x86_64-linux-gnu.so" to ""
[24.089s] -- Installing: /home/ubb/uros_ws/install/micro_ros_msgs/lib/libmicro_ros_msgs__rosidl_generator_py.so
[24.089s] -- Set runtime path of "/home/ubb/uros_ws/install/micro_ros_msgs/lib/libmicro_ros_msgs__rosidl_generator_py.so" to ""
[24.090s] -- Installing: /home/ubb/uros_ws/install/micro_ros_msgs/share/micro_ros_msgs/msg/Graph.idl
[24.090s] -- Installing: /home/ubb/uros_ws/install/micro_ros_msgs/share/micro_ros_msgs/msg/Node.idl
[24.090s] -- Installing: /home/ubb/uros_ws/install/micro_ros_msgs/share/micro_ros_msgs/msg/Entity.idl
[24.091s] -- Installing: /home/ubb/uros_ws/install/micro_ros_msgs/share/micro_ros_msgs/msg/Graph.msg
[24.091s] -- Installing: /home/ubb/uros_ws/install/micro_ros_msgs/share/micro_ros_msgs/msg/Node.msg
[24.092s] -- Installing: /home/ubb/uros_ws/install/micro_ros_msgs/share/micro_ros_msgs/msg/Entity.msg
[24.092s] -- Installing: /home/ubb/uros_ws/install/micro_ros_msgs/share/ament_index/resource_index/package_run_dependencies/micro_ros_msgs
[24.093s] -- Installing: /home/ubb/uros_ws/install/micro_ros_msgs/share/ament_index/resource_index/parent_prefix_path/micro_ros_msgs
[24.093s] -- Installing: /home/ubb/uros_ws/install/micro_ros_msgs/share/micro_ros_msgs/environment/ament_prefix_path.sh
[24.094s] -- Installing: /home/ubb/uros_ws/install/micro_ros_msgs/share/micro_ros_msgs/environment/ament_prefix_path.dsv
[24.094s] -- Installing: /home/ubb/uros_ws/install/micro_ros_msgs/share/micro_ros_msgs/environment/path.sh
[24.095s] -- Installing: /home/ubb/uros_ws/install/micro_ros_msgs/share/micro_ros_msgs/environment/path.dsv
[24.095s] -- Installing: /home/ubb/uros_ws/install/micro_ros_msgs/share/micro_ros_msgs/local_setup.bash
[24.096s] -- Installing: /home/ubb/uros_ws/install/micro_ros_msgs/share/micro_ros_msgs/local_setup.sh
[24.096s] -- Installing: /home/ubb/uros_ws/install/micro_ros_msgs/share/micro_ros_msgs/local_setup.zsh
[24.096s] -- Installing: /home/ubb/uros_ws/install/micro_ros_msgs/share/micro_ros_msgs/local_setup.dsv
[24.097s] -- Installing: /home/ubb/uros_ws/install/micro_ros_msgs/share/micro_ros_msgs/package.dsv
[24.097s] -- Installing: /home/ubb/uros_ws/install/micro_ros_msgs/share/ament_index/resource_index/packages/micro_ros_msgs
[24.098s] -- Installing: /home/ubb/uros_ws/install/micro_ros_msgs/share/micro_ros_msgs/cmake/export_micro_ros_msgs__rosidl_generator_cExport.cmake
[24.098s] -- Installing: /home/ubb/uros_ws/install/micro_ros_msgs/share/micro_ros_msgs/cmake/export_micro_ros_msgs__rosidl_generator_cExport-noconfig.cmake
[24.099s] -- Installing: /home/ubb/uros_ws/install/micro_ros_msgs/share/micro_ros_msgs/cmake/export_micro_ros_msgs__rosidl_typesupport_fastrtps_cExport.cmake
[24.099s] -- Installing: /home/ubb/uros_ws/install/micro_ros_msgs/share/micro_ros_msgs/cmake/export_micro_ros_msgs__rosidl_typesupport_fastrtps_cExport-noconfig.cmake
[24.100s] -- Installing: /home/ubb/uros_ws/install/micro_ros_msgs/share/micro_ros_msgs/cmake/micro_ros_msgs__rosidl_typesupport_introspection_cExport.cmake
[24.100s] -- Installing: /home/ubb/uros_ws/install/micro_ros_msgs/share/micro_ros_msgs/cmake/micro_ros_msgs__rosidl_typesupport_introspection_cExport-noconfig.cmake
[24.101s] -- Installing: /home/ubb/uros_ws/install/micro_ros_msgs/share/micro_ros_msgs/cmake/micro_ros_msgs__rosidl_typesupport_cExport.cmake
[24.101s] -- Installing: /home/ubb/uros_ws/install/micro_ros_msgs/share/micro_ros_msgs/cmake/micro_ros_msgs__rosidl_typesupport_cExport-noconfig.cmake
[24.101s] -- Installing: /home/ubb/uros_ws/install/micro_ros_msgs/share/micro_ros_msgs/cmake/export_micro_ros_msgs__rosidl_generator_cppExport.cmake
[24.102s] -- Installing: /home/ubb/uros_ws/install/micro_ros_msgs/share/micro_ros_msgs/cmake/export_micro_ros_msgs__rosidl_typesupport_fastrtps_cppExport.cmake
[24.103s] -- Installing: /home/ubb/uros_ws/install/micro_ros_msgs/share/micro_ros_msgs/cmake/export_micro_ros_msgs__rosidl_typesupport_fastrtps_cppExport-noconfig.cmake
[24.103s] -- Installing: /home/ubb/uros_ws/install/micro_ros_msgs/share/micro_ros_msgs/cmake/micro_ros_msgs__rosidl_typesupport_introspection_cppExport.cmake
[24.103s] -- Installing: /home/ubb/uros_ws/install/micro_ros_msgs/share/micro_ros_msgs/cmake/micro_ros_msgs__rosidl_typesupport_introspection_cppExport-noconfig.cmake
[24.104s] -- Installing: /home/ubb/uros_ws/install/micro_ros_msgs/share/micro_ros_msgs/cmake/micro_ros_msgs__rosidl_typesupport_cppExport.cmake
[24.104s] -- Installing: /home/ubb/uros_ws/install/micro_ros_msgs/share/micro_ros_msgs/cmake/micro_ros_msgs__rosidl_typesupport_cppExport-noconfig.cmake
[24.105s] -- Installing: /home/ubb/uros_ws/install/micro_ros_msgs/share/micro_ros_msgs/cmake/export_micro_ros_msgs__rosidl_generator_pyExport.cmake
[24.105s] -- Installing: /home/ubb/uros_ws/install/micro_ros_msgs/share/micro_ros_msgs/cmake/export_micro_ros_msgs__rosidl_generator_pyExport-noconfig.cmake
[24.106s] -- Installing: /home/ubb/uros_ws/install/micro_ros_msgs/share/micro_ros_msgs/cmake/rosidl_cmake-extras.cmake
[24.106s] -- Installing: /home/ubb/uros_ws/install/micro_ros_msgs/share/micro_ros_msgs/cmake/ament_cmake_export_include_directories-extras.cmake
[24.106s] -- Installing: /home/ubb/uros_ws/install/micro_ros_msgs/share/micro_ros_msgs/cmake/ament_cmake_export_libraries-extras.cmake
[24.107s] -- Installing: /home/ubb/uros_ws/install/micro_ros_msgs/share/micro_ros_msgs/cmake/ament_cmake_export_targets-extras.cmake
[24.107s] -- Installing: /home/ubb/uros_ws/install/micro_ros_msgs/share/micro_ros_msgs/cmake/rosidl_cmake_export_typesupport_targets-extras.cmake
[24.108s] -- Installing: /home/ubb/uros_ws/install/micro_ros_msgs/share/micro_ros_msgs/cmake/ament_cmake_export_dependencies-extras.cmake
[24.108s] -- Installing: /home/ubb/uros_ws/install/micro_ros_msgs/share/micro_ros_msgs/cmake/rosidl_cmake_export_typesupport_libraries-extras.cmake
[24.108s] -- Installing: /home/ubb/uros_ws/install/micro_ros_msgs/share/micro_ros_msgs/cmake/micro_ros_msgsConfig.cmake
[24.109s] -- Installing: /home/ubb/uros_ws/install/micro_ros_msgs/share/micro_ros_msgs/cmake/micro_ros_msgsConfig-version.cmake
[24.109s] -- Installing: /home/ubb/uros_ws/install/micro_ros_msgs/share/micro_ros_msgs/package.xml
[24.115s] Invoked command in '/home/ubb/uros_ws/build/micro_ros_msgs' returned '0': CMAKE_PREFIX_PATH=${CMAKE_PREFIX_PATH}:/opt/ros/iron /usr/bin/cmake --install /home/ubb/uros_ws/build/micro_ros_msgs
