[3.742s] DEBUG:colcon:Command line arguments: ['/usr/bin/colcon', 'list', '-p', '--base-paths', '/home/ubb/uros_ws']
[3.742s] DEBUG:colcon:Parsed command line arguments: Namespace(log_base=None, log_level=None, verb_name='list', build_base='build', ignore_user_meta=False, metas=['./colcon.meta'], base_paths=['/home/ubb/uros_ws'], packages_ignore=None, packages_ignore_regex=None, paths=None, packages_up_to=None, packages_up_to_regex=None, packages_above=None, packages_above_and_dependencies=None, packages_above_depth=None, packages_select_by_dep=None, packages_skip_by_dep=None, packages_skip_up_to=None, packages_select_build_failed=False, packages_skip_build_finished=False, packages_select_test_failures=False, packages_skip_test_passed=False, packages_select=None, packages_skip=None, packages_select_regex=None, packages_skip_regex=None, packages_start=None, packages_end=None, allow_overriding=[], topological_order=False, names_only=False, paths_only=True, topological_graph=False, topological_graph_dot=False, topological_graph_density=False, topological_graph_legend=False, topological_graph_dot_cluster=False, topological_graph_dot_include_skipped=False, mixin_files=None, mixin=None, verb_parser=<colcon_mixin.mixin.mixin_argument.MixinArgumentDecorator object at 0x7a1a651336a0>, verb_extension=<colcon_package_information.verb.list.ListVerb object at 0x7a1a65243a00>, main=<bound method ListVerb.main of <colcon_package_information.verb.list.ListVerb object at 0x7a1a65243a00>>, mixin_verb=('list',))
[10.198s] Level 1:colcon.colcon_core.package_discovery:discover_packages(colcon_meta) check parameters
[10.199s] Level 1:colcon.colcon_core.package_discovery:discover_packages(recursive) check parameters
[10.199s] Level 1:colcon.colcon_core.package_discovery:discover_packages(ignore) check parameters
[10.199s] Level 1:colcon.colcon_core.package_discovery:discover_packages(path) check parameters
[10.199s] Level 1:colcon.colcon_core.package_discovery:discover_packages(recursive) discover
[10.199s] INFO:colcon.colcon_core.package_discovery:Crawling recursively for packages in '/home/ubb/uros_ws'
[10.265s] Level 1:colcon.colcon_core.package_identification:_identify(/home/ubb/uros_ws) by extensions ['ignore', 'ignore_ament_install']
[10.265s] Level 1:colcon.colcon_core.package_identification:_identify(/home/ubb/uros_ws) by extension 'ignore'
[10.265s] Level 1:colcon.colcon_core.package_identification:_identify(/home/ubb/uros_ws) by extension 'ignore_ament_install'
[10.265s] Level 1:colcon.colcon_core.package_identification:_identify(/home/ubb/uros_ws) by extensions ['colcon_pkg']
[10.266s] Level 1:colcon.colcon_core.package_identification:_identify(/home/ubb/uros_ws) by extension 'colcon_pkg'
[10.266s] Level 1:colcon.colcon_core.package_identification:_identify(/home/ubb/uros_ws) by extensions ['colcon_meta']
[10.266s] Level 1:colcon.colcon_core.package_identification:_identify(/home/ubb/uros_ws) by extension 'colcon_meta'
[10.266s] Level 1:colcon.colcon_core.package_identification:_identify(/home/ubb/uros_ws) by extensions ['ros']
[10.266s] Level 1:colcon.colcon_core.package_identification:_identify(/home/ubb/uros_ws) by extension 'ros'
[10.701s] Level 1:colcon.colcon_core.package_identification:_identify(/home/ubb/uros_ws) by extensions ['cmake', 'python']
[10.715s] Level 1:colcon.colcon_core.package_identification:_identify(/home/ubb/uros_ws) by extension 'cmake'
[10.715s] Level 1:colcon.colcon_core.package_identification:_identify(/home/ubb/uros_ws) by extension 'python'
[10.715s] Level 1:colcon.colcon_core.package_identification:_identify(/home/ubb/uros_ws) by extensions ['python_setup_py']
[10.715s] Level 1:colcon.colcon_core.package_identification:_identify(/home/ubb/uros_ws) by extension 'python_setup_py'
[10.715s] Level 1:colcon.colcon_core.package_identification:_identify(/home/ubb/uros_ws/__pycache__) by extensions ['ignore', 'ignore_ament_install']
[10.716s] Level 1:colcon.colcon_core.package_identification:_identify(/home/ubb/uros_ws/__pycache__) by extension 'ignore'
[10.716s] Level 1:colcon.colcon_core.package_identification:_identify(/home/ubb/uros_ws/__pycache__) by extension 'ignore_ament_install'
[10.716s] Level 1:colcon.colcon_core.package_identification:_identify(/home/ubb/uros_ws/__pycache__) by extensions ['colcon_pkg']
[10.716s] Level 1:colcon.colcon_core.package_identification:_identify(/home/ubb/uros_ws/__pycache__) by extension 'colcon_pkg'
[10.716s] Level 1:colcon.colcon_core.package_identification:_identify(/home/ubb/uros_ws/__pycache__) by extensions ['colcon_meta']
[10.716s] Level 1:colcon.colcon_core.package_identification:_identify(/home/ubb/uros_ws/__pycache__) by extension 'colcon_meta'
[10.716s] Level 1:colcon.colcon_core.package_identification:_identify(/home/ubb/uros_ws/__pycache__) by extensions ['ros']
[10.716s] Level 1:colcon.colcon_core.package_identification:_identify(/home/ubb/uros_ws/__pycache__) by extension 'ros'
[10.716s] Level 1:colcon.colcon_core.package_identification:_identify(/home/ubb/uros_ws/__pycache__) by extensions ['cmake', 'python']
[10.716s] Level 1:colcon.colcon_core.package_identification:_identify(/home/ubb/uros_ws/__pycache__) by extension 'cmake'
[10.743s] Level 1:colcon.colcon_core.package_identification:_identify(/home/ubb/uros_ws/__pycache__) by extension 'python'
[10.743s] Level 1:colcon.colcon_core.package_identification:_identify(/home/ubb/uros_ws/__pycache__) by extensions ['python_setup_py']
[10.743s] Level 1:colcon.colcon_core.package_identification:_identify(/home/ubb/uros_ws/__pycache__) by extension 'python_setup_py'
[10.743s] Level 1:colcon.colcon_core.package_identification:_identify(/home/ubb/uros_ws/build) by extensions ['ignore', 'ignore_ament_install']
[10.743s] Level 1:colcon.colcon_core.package_identification:_identify(/home/ubb/uros_ws/build) by extension 'ignore'
[10.743s] Level 1:colcon.colcon_core.package_identification:_identify(/home/ubb/uros_ws/build) ignored
[10.744s] Level 1:colcon.colcon_core.package_identification:_identify(/home/ubb/uros_ws/install) by extensions ['ignore', 'ignore_ament_install']
[10.747s] Level 1:colcon.colcon_core.package_identification:_identify(/home/ubb/uros_ws/install) by extension 'ignore'
[10.748s] Level 1:colcon.colcon_core.package_identification:_identify(/home/ubb/uros_ws/install) ignored
[10.748s] Level 1:colcon.colcon_core.package_identification:_identify(/home/ubb/uros_ws/log) by extensions ['ignore', 'ignore_ament_install']
[10.748s] Level 1:colcon.colcon_core.package_identification:_identify(/home/ubb/uros_ws/log) by extension 'ignore'
[10.748s] Level 1:colcon.colcon_core.package_identification:_identify(/home/ubb/uros_ws/log) ignored
[10.748s] Level 1:colcon.colcon_core.package_identification:_identify(/home/ubb/uros_ws/src) by extensions ['ignore', 'ignore_ament_install']
[10.748s] Level 1:colcon.colcon_core.package_identification:_identify(/home/ubb/uros_ws/src) by extension 'ignore'
[10.749s] Level 1:colcon.colcon_core.package_identification:_identify(/home/ubb/uros_ws/src) by extension 'ignore_ament_install'
[10.749s] Level 1:colcon.colcon_core.package_identification:_identify(/home/ubb/uros_ws/src) by extensions ['colcon_pkg']
[10.749s] Level 1:colcon.colcon_core.package_identification:_identify(/home/ubb/uros_ws/src) by extension 'colcon_pkg'
[10.749s] Level 1:colcon.colcon_core.package_identification:_identify(/home/ubb/uros_ws/src) by extensions ['colcon_meta']
[10.749s] Level 1:colcon.colcon_core.package_identification:_identify(/home/ubb/uros_ws/src) by extension 'colcon_meta'
[10.749s] Level 1:colcon.colcon_core.package_identification:_identify(/home/ubb/uros_ws/src) by extensions ['ros']
[10.749s] Level 1:colcon.colcon_core.package_identification:_identify(/home/ubb/uros_ws/src) by extension 'ros'
[10.749s] Level 1:colcon.colcon_core.package_identification:_identify(/home/ubb/uros_ws/src) by extensions ['cmake', 'python']
[10.749s] Level 1:colcon.colcon_core.package_identification:_identify(/home/ubb/uros_ws/src) by extension 'cmake'
[10.749s] Level 1:colcon.colcon_core.package_identification:_identify(/home/ubb/uros_ws/src) by extension 'python'
[10.749s] Level 1:colcon.colcon_core.package_identification:_identify(/home/ubb/uros_ws/src) by extensions ['python_setup_py']
[10.749s] Level 1:colcon.colcon_core.package_identification:_identify(/home/ubb/uros_ws/src) by extension 'python_setup_py'
[10.750s] Level 1:colcon.colcon_core.package_identification:_identify(/home/ubb/uros_ws/src/micro_ros_setup) by extensions ['ignore', 'ignore_ament_install']
[10.750s] Level 1:colcon.colcon_core.package_identification:_identify(/home/ubb/uros_ws/src/micro_ros_setup) by extension 'ignore'
[10.750s] Level 1:colcon.colcon_core.package_identification:_identify(/home/ubb/uros_ws/src/micro_ros_setup) by extension 'ignore_ament_install'
[10.750s] Level 1:colcon.colcon_core.package_identification:_identify(/home/ubb/uros_ws/src/micro_ros_setup) by extensions ['colcon_pkg']
[10.750s] Level 1:colcon.colcon_core.package_identification:_identify(/home/ubb/uros_ws/src/micro_ros_setup) by extension 'colcon_pkg'
[10.750s] Level 1:colcon.colcon_core.package_identification:_identify(/home/ubb/uros_ws/src/micro_ros_setup) by extensions ['colcon_meta']
[10.750s] Level 1:colcon.colcon_core.package_identification:_identify(/home/ubb/uros_ws/src/micro_ros_setup) by extension 'colcon_meta'
[10.750s] Level 1:colcon.colcon_core.package_identification:_identify(/home/ubb/uros_ws/src/micro_ros_setup) by extensions ['ros']
[10.750s] Level 1:colcon.colcon_core.package_identification:_identify(/home/ubb/uros_ws/src/micro_ros_setup) by extension 'ros'
[10.864s] DEBUG:colcon.colcon_core.package_identification:Package '/home/ubb/uros_ws/src/micro_ros_setup' with type 'ros.ament_cmake' and name 'micro_ros_setup'
[10.864s] Level 1:colcon.colcon_core.package_identification:_identify(/home/ubb/uros_ws/src/uros) by extensions ['ignore', 'ignore_ament_install']
[10.865s] Level 1:colcon.colcon_core.package_identification:_identify(/home/ubb/uros_ws/src/uros) by extension 'ignore'
[10.865s] Level 1:colcon.colcon_core.package_identification:_identify(/home/ubb/uros_ws/src/uros) by extension 'ignore_ament_install'
[10.865s] Level 1:colcon.colcon_core.package_identification:_identify(/home/ubb/uros_ws/src/uros) by extensions ['colcon_pkg']
[10.865s] Level 1:colcon.colcon_core.package_identification:_identify(/home/ubb/uros_ws/src/uros) by extension 'colcon_pkg'
[10.865s] Level 1:colcon.colcon_core.package_identification:_identify(/home/ubb/uros_ws/src/uros) by extensions ['colcon_meta']
[10.865s] Level 1:colcon.colcon_core.package_identification:_identify(/home/ubb/uros_ws/src/uros) by extension 'colcon_meta'
[10.865s] Level 1:colcon.colcon_core.package_identification:_identify(/home/ubb/uros_ws/src/uros) by extensions ['ros']
[10.865s] Level 1:colcon.colcon_core.package_identification:_identify(/home/ubb/uros_ws/src/uros) by extension 'ros'
[10.865s] Level 1:colcon.colcon_core.package_identification:_identify(/home/ubb/uros_ws/src/uros) by extensions ['cmake', 'python']
[10.865s] Level 1:colcon.colcon_core.package_identification:_identify(/home/ubb/uros_ws/src/uros) by extension 'cmake'
[10.865s] Level 1:colcon.colcon_core.package_identification:_identify(/home/ubb/uros_ws/src/uros) by extension 'python'
[10.866s] Level 1:colcon.colcon_core.package_identification:_identify(/home/ubb/uros_ws/src/uros) by extensions ['python_setup_py']
[10.866s] Level 1:colcon.colcon_core.package_identification:_identify(/home/ubb/uros_ws/src/uros) by extension 'python_setup_py'
[10.866s] Level 1:colcon.colcon_core.package_identification:_identify(/home/ubb/uros_ws/src/uros/drive_base) by extensions ['ignore', 'ignore_ament_install']
[10.866s] Level 1:colcon.colcon_core.package_identification:_identify(/home/ubb/uros_ws/src/uros/drive_base) by extension 'ignore'
[10.866s] Level 1:colcon.colcon_core.package_identification:_identify(/home/ubb/uros_ws/src/uros/drive_base) by extension 'ignore_ament_install'
[10.866s] Level 1:colcon.colcon_core.package_identification:_identify(/home/ubb/uros_ws/src/uros/drive_base) by extensions ['colcon_pkg']
[10.866s] Level 1:colcon.colcon_core.package_identification:_identify(/home/ubb/uros_ws/src/uros/drive_base) by extension 'colcon_pkg'
[10.866s] Level 1:colcon.colcon_core.package_identification:_identify(/home/ubb/uros_ws/src/uros/drive_base) by extensions ['colcon_meta']
[10.866s] Level 1:colcon.colcon_core.package_identification:_identify(/home/ubb/uros_ws/src/uros/drive_base) by extension 'colcon_meta'
[10.866s] Level 1:colcon.colcon_core.package_identification:_identify(/home/ubb/uros_ws/src/uros/drive_base) by extensions ['ros']
[10.867s] Level 1:colcon.colcon_core.package_identification:_identify(/home/ubb/uros_ws/src/uros/drive_base) by extension 'ros'
[10.924s] Level 1:colcon.colcon_core.package_identification:_identify(/home/ubb/uros_ws/src/uros/drive_base) by extensions ['cmake', 'python']
[10.924s] Level 1:colcon.colcon_core.package_identification:_identify(/home/ubb/uros_ws/src/uros/drive_base) by extension 'cmake'
[10.924s] Level 1:colcon.colcon_core.package_identification:_identify(/home/ubb/uros_ws/src/uros/drive_base) by extension 'python'
[10.924s] Level 1:colcon.colcon_core.package_identification:_identify(/home/ubb/uros_ws/src/uros/drive_base) by extensions ['python_setup_py']
[10.924s] Level 1:colcon.colcon_core.package_identification:_identify(/home/ubb/uros_ws/src/uros/drive_base) by extension 'python_setup_py'
[10.929s] Level 1:colcon.colcon_core.package_identification:_identify(/home/ubb/uros_ws/src/uros/drive_base/drive_base_msgs) by extensions ['ignore', 'ignore_ament_install']
[10.929s] Level 1:colcon.colcon_core.package_identification:_identify(/home/ubb/uros_ws/src/uros/drive_base/drive_base_msgs) by extension 'ignore'
[10.929s] Level 1:colcon.colcon_core.package_identification:_identify(/home/ubb/uros_ws/src/uros/drive_base/drive_base_msgs) by extension 'ignore_ament_install'
[10.929s] Level 1:colcon.colcon_core.package_identification:_identify(/home/ubb/uros_ws/src/uros/drive_base/drive_base_msgs) by extensions ['colcon_pkg']
[10.929s] Level 1:colcon.colcon_core.package_identification:_identify(/home/ubb/uros_ws/src/uros/drive_base/drive_base_msgs) by extension 'colcon_pkg'
[10.929s] Level 1:colcon.colcon_core.package_identification:_identify(/home/ubb/uros_ws/src/uros/drive_base/drive_base_msgs) by extensions ['colcon_meta']
[10.929s] Level 1:colcon.colcon_core.package_identification:_identify(/home/ubb/uros_ws/src/uros/drive_base/drive_base_msgs) by extension 'colcon_meta'
[10.930s] Level 1:colcon.colcon_core.package_identification:_identify(/home/ubb/uros_ws/src/uros/drive_base/drive_base_msgs) by extensions ['ros']
[10.930s] Level 1:colcon.colcon_core.package_identification:_identify(/home/ubb/uros_ws/src/uros/drive_base/drive_base_msgs) by extension 'ros'
[10.972s] DEBUG:colcon.colcon_core.package_identification:Package '/home/ubb/uros_ws/src/uros/drive_base/drive_base_msgs' with type 'ros.ament_cmake' and name 'drive_base_msgs'
[10.973s] Level 1:colcon.colcon_core.package_identification:_identify(/home/ubb/uros_ws/src/uros/micro-ROS-Agent) by extensions ['ignore', 'ignore_ament_install']
[10.977s] Level 1:colcon.colcon_core.package_identification:_identify(/home/ubb/uros_ws/src/uros/micro-ROS-Agent) by extension 'ignore'
[10.977s] Level 1:colcon.colcon_core.package_identification:_identify(/home/ubb/uros_ws/src/uros/micro-ROS-Agent) by extension 'ignore_ament_install'
[10.977s] Level 1:colcon.colcon_core.package_identification:_identify(/home/ubb/uros_ws/src/uros/micro-ROS-Agent) by extensions ['colcon_pkg']
[10.977s] Level 1:colcon.colcon_core.package_identification:_identify(/home/ubb/uros_ws/src/uros/micro-ROS-Agent) by extension 'colcon_pkg'
[10.978s] Level 1:colcon.colcon_core.package_identification:_identify(/home/ubb/uros_ws/src/uros/micro-ROS-Agent) by extensions ['colcon_meta']
[10.978s] Level 1:colcon.colcon_core.package_identification:_identify(/home/ubb/uros_ws/src/uros/micro-ROS-Agent) by extension 'colcon_meta'
[10.978s] Level 1:colcon.colcon_core.package_identification:_identify(/home/ubb/uros_ws/src/uros/micro-ROS-Agent) by extensions ['ros']
[10.978s] Level 1:colcon.colcon_core.package_identification:_identify(/home/ubb/uros_ws/src/uros/micro-ROS-Agent) by extension 'ros'
[10.978s] Level 1:colcon.colcon_core.package_identification:_identify(/home/ubb/uros_ws/src/uros/micro-ROS-Agent) by extensions ['cmake', 'python']
[10.978s] Level 1:colcon.colcon_core.package_identification:_identify(/home/ubb/uros_ws/src/uros/micro-ROS-Agent) by extension 'cmake'
[10.978s] Level 1:colcon.colcon_core.package_identification:_identify(/home/ubb/uros_ws/src/uros/micro-ROS-Agent) by extension 'python'
[10.978s] Level 1:colcon.colcon_core.package_identification:_identify(/home/ubb/uros_ws/src/uros/micro-ROS-Agent) by extensions ['python_setup_py']
[10.978s] Level 1:colcon.colcon_core.package_identification:_identify(/home/ubb/uros_ws/src/uros/micro-ROS-Agent) by extension 'python_setup_py'
[10.979s] Level 1:colcon.colcon_core.package_identification:_identify(/home/ubb/uros_ws/src/uros/micro-ROS-Agent/micro_ros_agent) by extensions ['ignore', 'ignore_ament_install']
[11.026s] Level 1:colcon.colcon_core.package_identification:_identify(/home/ubb/uros_ws/src/uros/micro-ROS-Agent/micro_ros_agent) by extension 'ignore'
[11.026s] Level 1:colcon.colcon_core.package_identification:_identify(/home/ubb/uros_ws/src/uros/micro-ROS-Agent/micro_ros_agent) by extension 'ignore_ament_install'
[11.027s] Level 1:colcon.colcon_core.package_identification:_identify(/home/ubb/uros_ws/src/uros/micro-ROS-Agent/micro_ros_agent) by extensions ['colcon_pkg']
[11.027s] Level 1:colcon.colcon_core.package_identification:_identify(/home/ubb/uros_ws/src/uros/micro-ROS-Agent/micro_ros_agent) by extension 'colcon_pkg'
[11.027s] Level 1:colcon.colcon_core.package_identification:_identify(/home/ubb/uros_ws/src/uros/micro-ROS-Agent/micro_ros_agent) by extensions ['colcon_meta']
[11.027s] Level 1:colcon.colcon_core.package_identification:_identify(/home/ubb/uros_ws/src/uros/micro-ROS-Agent/micro_ros_agent) by extension 'colcon_meta'
[11.027s] Level 1:colcon.colcon_core.package_identification:_identify(/home/ubb/uros_ws/src/uros/micro-ROS-Agent/micro_ros_agent) by extensions ['ros']
[11.027s] Level 1:colcon.colcon_core.package_identification:_identify(/home/ubb/uros_ws/src/uros/micro-ROS-Agent/micro_ros_agent) by extension 'ros'
[11.029s] DEBUG:colcon.colcon_core.package_identification:Package '/home/ubb/uros_ws/src/uros/micro-ROS-Agent/micro_ros_agent' with type 'ros.ament_cmake' and name 'micro_ros_agent'
[11.029s] Level 1:colcon.colcon_core.package_identification:_identify(/home/ubb/uros_ws/src/uros/micro-ROS-Agent/snap) by extensions ['ignore', 'ignore_ament_install']
[11.030s] Level 1:colcon.colcon_core.package_identification:_identify(/home/ubb/uros_ws/src/uros/micro-ROS-Agent/snap) by extension 'ignore'
[11.030s] Level 1:colcon.colcon_core.package_identification:_identify(/home/ubb/uros_ws/src/uros/micro-ROS-Agent/snap) by extension 'ignore_ament_install'
[11.030s] Level 1:colcon.colcon_core.package_identification:_identify(/home/ubb/uros_ws/src/uros/micro-ROS-Agent/snap) by extensions ['colcon_pkg']
[11.030s] Level 1:colcon.colcon_core.package_identification:_identify(/home/ubb/uros_ws/src/uros/micro-ROS-Agent/snap) by extension 'colcon_pkg'
[11.030s] Level 1:colcon.colcon_core.package_identification:_identify(/home/ubb/uros_ws/src/uros/micro-ROS-Agent/snap) by extensions ['colcon_meta']
[11.030s] Level 1:colcon.colcon_core.package_identification:_identify(/home/ubb/uros_ws/src/uros/micro-ROS-Agent/snap) by extension 'colcon_meta'
[11.084s] Level 1:colcon.colcon_core.package_identification:_identify(/home/ubb/uros_ws/src/uros/micro-ROS-Agent/snap) by extensions ['ros']
[11.084s] Level 1:colcon.colcon_core.package_identification:_identify(/home/ubb/uros_ws/src/uros/micro-ROS-Agent/snap) by extension 'ros'
[11.084s] Level 1:colcon.colcon_core.package_identification:_identify(/home/ubb/uros_ws/src/uros/micro-ROS-Agent/snap) by extensions ['cmake', 'python']
[11.084s] Level 1:colcon.colcon_core.package_identification:_identify(/home/ubb/uros_ws/src/uros/micro-ROS-Agent/snap) by extension 'cmake'
[11.084s] Level 1:colcon.colcon_core.package_identification:_identify(/home/ubb/uros_ws/src/uros/micro-ROS-Agent/snap) by extension 'python'
[11.085s] Level 1:colcon.colcon_core.package_identification:_identify(/home/ubb/uros_ws/src/uros/micro-ROS-Agent/snap) by extensions ['python_setup_py']
[11.085s] Level 1:colcon.colcon_core.package_identification:_identify(/home/ubb/uros_ws/src/uros/micro-ROS-Agent/snap) by extension 'python_setup_py'
[11.085s] Level 1:colcon.colcon_core.package_identification:_identify(/home/ubb/uros_ws/src/uros/micro-ROS-Agent/snap/hooks) by extensions ['ignore', 'ignore_ament_install']
[11.085s] Level 1:colcon.colcon_core.package_identification:_identify(/home/ubb/uros_ws/src/uros/micro-ROS-Agent/snap/hooks) by extension 'ignore'
[11.085s] Level 1:colcon.colcon_core.package_identification:_identify(/home/ubb/uros_ws/src/uros/micro-ROS-Agent/snap/hooks) by extension 'ignore_ament_install'
[11.085s] Level 1:colcon.colcon_core.package_identification:_identify(/home/ubb/uros_ws/src/uros/micro-ROS-Agent/snap/hooks) by extensions ['colcon_pkg']
[11.085s] Level 1:colcon.colcon_core.package_identification:_identify(/home/ubb/uros_ws/src/uros/micro-ROS-Agent/snap/hooks) by extension 'colcon_pkg'
[11.086s] Level 1:colcon.colcon_core.package_identification:_identify(/home/ubb/uros_ws/src/uros/micro-ROS-Agent/snap/hooks) by extensions ['colcon_meta']
[11.086s] Level 1:colcon.colcon_core.package_identification:_identify(/home/ubb/uros_ws/src/uros/micro-ROS-Agent/snap/hooks) by extension 'colcon_meta'
[11.086s] Level 1:colcon.colcon_core.package_identification:_identify(/home/ubb/uros_ws/src/uros/micro-ROS-Agent/snap/hooks) by extensions ['ros']
[11.086s] Level 1:colcon.colcon_core.package_identification:_identify(/home/ubb/uros_ws/src/uros/micro-ROS-Agent/snap/hooks) by extension 'ros'
[11.086s] Level 1:colcon.colcon_core.package_identification:_identify(/home/ubb/uros_ws/src/uros/micro-ROS-Agent/snap/hooks) by extensions ['cmake', 'python']
[11.086s] Level 1:colcon.colcon_core.package_identification:_identify(/home/ubb/uros_ws/src/uros/micro-ROS-Agent/snap/hooks) by extension 'cmake'
[11.086s] Level 1:colcon.colcon_core.package_identification:_identify(/home/ubb/uros_ws/src/uros/micro-ROS-Agent/snap/hooks) by extension 'python'
[11.086s] Level 1:colcon.colcon_core.package_identification:_identify(/home/ubb/uros_ws/src/uros/micro-ROS-Agent/snap/hooks) by extensions ['python_setup_py']
[11.086s] Level 1:colcon.colcon_core.package_identification:_identify(/home/ubb/uros_ws/src/uros/micro-ROS-Agent/snap/hooks) by extension 'python_setup_py'
[11.086s] Level 1:colcon.colcon_core.package_identification:_identify(/home/ubb/uros_ws/src/uros/micro-ROS-Agent/snap/local) by extensions ['ignore', 'ignore_ament_install']
[11.087s] Level 1:colcon.colcon_core.package_identification:_identify(/home/ubb/uros_ws/src/uros/micro-ROS-Agent/snap/local) by extension 'ignore'
[11.136s] Level 1:colcon.colcon_core.package_identification:_identify(/home/ubb/uros_ws/src/uros/micro-ROS-Agent/snap/local) by extension 'ignore_ament_install'
[11.136s] Level 1:colcon.colcon_core.package_identification:_identify(/home/ubb/uros_ws/src/uros/micro-ROS-Agent/snap/local) by extensions ['colcon_pkg']
[11.136s] Level 1:colcon.colcon_core.package_identification:_identify(/home/ubb/uros_ws/src/uros/micro-ROS-Agent/snap/local) by extension 'colcon_pkg'
[11.136s] Level 1:colcon.colcon_core.package_identification:_identify(/home/ubb/uros_ws/src/uros/micro-ROS-Agent/snap/local) by extensions ['colcon_meta']
[11.136s] Level 1:colcon.colcon_core.package_identification:_identify(/home/ubb/uros_ws/src/uros/micro-ROS-Agent/snap/local) by extension 'colcon_meta'
[11.136s] Level 1:colcon.colcon_core.package_identification:_identify(/home/ubb/uros_ws/src/uros/micro-ROS-Agent/snap/local) by extensions ['ros']
[11.137s] Level 1:colcon.colcon_core.package_identification:_identify(/home/ubb/uros_ws/src/uros/micro-ROS-Agent/snap/local) by extension 'ros'
[11.137s] Level 1:colcon.colcon_core.package_identification:_identify(/home/ubb/uros_ws/src/uros/micro-ROS-Agent/snap/local) by extensions ['cmake', 'python']
[11.137s] Level 1:colcon.colcon_core.package_identification:_identify(/home/ubb/uros_ws/src/uros/micro-ROS-Agent/snap/local) by extension 'cmake'
[11.137s] Level 1:colcon.colcon_core.package_identification:_identify(/home/ubb/uros_ws/src/uros/micro-ROS-Agent/snap/local) by extension 'python'
[11.137s] Level 1:colcon.colcon_core.package_identification:_identify(/home/ubb/uros_ws/src/uros/micro-ROS-Agent/snap/local) by extensions ['python_setup_py']
[11.137s] Level 1:colcon.colcon_core.package_identification:_identify(/home/ubb/uros_ws/src/uros/micro-ROS-Agent/snap/local) by extension 'python_setup_py'
[11.137s] Level 1:colcon.colcon_core.package_identification:_identify(/home/ubb/uros_ws/src/uros/micro_ros_msgs) by extensions ['ignore', 'ignore_ament_install']
[11.137s] Level 1:colcon.colcon_core.package_identification:_identify(/home/ubb/uros_ws/src/uros/micro_ros_msgs) by extension 'ignore'
[11.138s] Level 1:colcon.colcon_core.package_identification:_identify(/home/ubb/uros_ws/src/uros/micro_ros_msgs) by extension 'ignore_ament_install'
[11.138s] Level 1:colcon.colcon_core.package_identification:_identify(/home/ubb/uros_ws/src/uros/micro_ros_msgs) by extensions ['colcon_pkg']
[11.138s] Level 1:colcon.colcon_core.package_identification:_identify(/home/ubb/uros_ws/src/uros/micro_ros_msgs) by extension 'colcon_pkg'
[11.138s] Level 1:colcon.colcon_core.package_identification:_identify(/home/ubb/uros_ws/src/uros/micro_ros_msgs) by extensions ['colcon_meta']
[11.138s] Level 1:colcon.colcon_core.package_identification:_identify(/home/ubb/uros_ws/src/uros/micro_ros_msgs) by extension 'colcon_meta'
[11.138s] Level 1:colcon.colcon_core.package_identification:_identify(/home/ubb/uros_ws/src/uros/micro_ros_msgs) by extensions ['ros']
[11.138s] Level 1:colcon.colcon_core.package_identification:_identify(/home/ubb/uros_ws/src/uros/micro_ros_msgs) by extension 'ros'
[11.184s] DEBUG:colcon.colcon_core.package_identification:Package '/home/ubb/uros_ws/src/uros/micro_ros_msgs' with type 'ros.ament_cmake' and name 'micro_ros_msgs'
[11.184s] Level 1:colcon.colcon_core.package_discovery:discover_packages(recursive) using defaults
